# JRE version: Java(TM) SE Runtime Environment (17.0.12+8) (build 17.0.12+8-LTS-286)
# Java VM: Java HotSpot(TM) 64-Bit Server VM (17.0.12+8-LTS-286, mixed mode, sharing, tiered, compressed oops, compressed class ptrs, g1 gc, windows-amd64)
GC Precious Log:
 CPUs: 12 total, 12 available
 Memory: 16106M
 Large Page Support: Disabled
 NUMA Support: Disabled
 Compressed Oops: Enabled (Zero based)
 Heap Region Size: 2M
 Heap Min Capacity: 8M
 Heap Initial Capacity: 252M
 Heap Max Capacity: 4028M
 Pre-touch: Disabled
 Parallel Workers: 10
 Concurrent Workers: 3
 Concurrent Refinement Workers: 10
 Periodic GC: Disabled
Heap:
 garbage-first heap   total 258048K, used 157372K [0x0000000704400000, 0x0000000800000000)
  region size 2048K, 4 young (8192K), 4 survivors (8192K)
 Metaspace       used 69036K, committed 69376K, reserved 1114112K
  class space    used 7261K, committed 7424K, reserved 1048576K
GC Heap History (20 events):
Event: 6.923 GC heap after
{Heap after GC invocations=22 (full 0):
 garbage-first heap   total 200704K, used 90860K [0x0000000704400000, 0x0000000800000000)
  region size 2048K, 4 young (8192K), 4 survivors (8192K)
 Metaspace       used 55979K, committed 56256K, reserved 1114112K
  class space    used 6288K, committed 6400K, reserved 1048576K
}
Event: 7.667 GC heap before
{Heap before GC invocations=22 (full 0):
 garbage-first heap   total 200704K, used 142060K [0x0000000704400000, 0x0000000800000000)
  region size 2048K, 29 young (59392K), 4 survivors (8192K)
 Metaspace       used 56922K, committed 57280K, reserved 1114112K
  class space    used 6353K, committed 6528K, reserved 1048576K
}
Event: 7.678 GC heap after
{Heap after GC invocations=23 (full 0):
 garbage-first heap   total 200704K, used 97242K [0x0000000704400000, 0x0000000800000000)
  region size 2048K, 3 young (6144K), 3 survivors (6144K)
 Metaspace       used 56922K, committed 57280K, reserved 1114112K
  class space    used 6353K, committed 6528K, reserved 1048576K
}
Event: 8.241 GC heap before
{Heap before GC invocations=23 (full 0):
 garbage-first heap   total 200704K, used 150490K [0x0000000704400000, 0x0000000800000000)
  region size 2048K, 29 young (59392K), 3 survivors (6144K)
 Metaspace       used 57640K, committed 57984K, reserved 1114112K
  class space    used 6381K, committed 6528K, reserved 1048576K
}
Event: 8.253 GC heap after
{Heap after GC invocations=24 (full 0):
 garbage-first heap   total 200704K, used 103065K [0x0000000704400000, 0x0000000800000000)
  region size 2048K, 3 young (6144K), 3 survivors (6144K)
 Metaspace       used 57640K, committed 57984K, reserved 1114112K
  class space    used 6381K, committed 6528K, reserved 1048576K
}
Event: 8.853 GC heap before
{Heap before GC invocations=25 (full 0):
 garbage-first heap   total 200704K, used 152217K [0x0000000704400000, 0x0000000800000000)
  region size 2048K, 28 young (57344K), 3 survivors (6144K)
 Metaspace       used 57955K, committed 58240K, reserved 1114112K
  class space    used 6394K, committed 6528K, reserved 1048576K
}
Event: 8.862 GC heap after
{Heap after GC invocations=26 (full 0):
 garbage-first heap   total 200704K, used 108142K [0x0000000704400000, 0x0000000800000000)
  region size 2048K, 3 young (6144K), 3 survivors (6144K)
 Metaspace       used 57955K, committed 58240K, reserved 1114112K
  class space    used 6394K, committed 6528K, reserved 1048576K
}
Event: 8.886 GC heap before
{Heap before GC invocations=26 (full 0):
 garbage-first heap   total 200704K, used 110190K [0x0000000704400000, 0x0000000800000000)
  region size 2048K, 4 young (8192K), 3 survivors (6144K)
 Metaspace       used 57966K, committed 58304K, reserved 1114112K
  class space    used 6395K, committed 6528K, reserved 1048576K
}
Event: 8.891 GC heap after
{Heap after GC invocations=27 (full 0):
 garbage-first heap   total 241664K, used 107389K [0x0000000704400000, 0x0000000800000000)
  region size 2048K, 1 young (2048K), 1 survivors (2048K)
 Metaspace       used 57966K, committed 58304K, reserved 1114112K
  class space    used 6395K, committed 6528K, reserved 1048576K
}
Event: 9.758 GC heap before
{Heap before GC invocations=27 (full 0):
 garbage-first heap   total 241664K, used 187261K [0x0000000704400000, 0x0000000800000000)
  region size 2048K, 40 young (81920K), 1 survivors (2048K)
 Metaspace       used 58518K, committed 58816K, reserved 1114112K
  class space    used 6433K, committed 6592K, reserved 1048576K
}
Event: 9.766 GC heap after
{Heap after GC invocations=28 (full 0):
 garbage-first heap   total 241664K, used 117784K [0x0000000704400000, 0x0000000800000000)
  region size 2048K, 5 young (10240K), 5 survivors (10240K)
 Metaspace       used 58518K, committed 58816K, reserved 1114112K
  class space    used 6433K, committed 6592K, reserved 1048576K
}
Event: 11.426 GC heap before
{Heap before GC invocations=28 (full 0):
 garbage-first heap   total 241664K, used 187416K [0x0000000704400000, 0x0000000800000000)
  region size 2048K, 39 young (79872K), 5 survivors (10240K)
 Metaspace       used 62849K, committed 63104K, reserved 1114112K
  class space    used 6739K, committed 6848K, reserved 1048576K
}
Event: 11.438 GC heap after
{Heap after GC invocations=29 (full 0):
 garbage-first heap   total 241664K, used 120631K [0x0000000704400000, 0x0000000800000000)
  region size 2048K, 2 young (4096K), 2 survivors (4096K)
 Metaspace       used 62849K, committed 63104K, reserved 1114112K
  class space    used 6739K, committed 6848K, reserved 1048576K
}
Event: 12.080 GC heap before
{Heap before GC invocations=29 (full 0):
 garbage-first heap   total 241664K, used 190263K [0x0000000704400000, 0x0000000800000000)
  region size 2048K, 36 young (73728K), 2 survivors (4096K)
 Metaspace       used 63320K, committed 63616K, reserved 1114112K
  class space    used 6772K, committed 6912K, reserved 1048576K
}
Event: 12.095 GC heap after
{Heap after GC invocations=30 (full 0):
 garbage-first heap   total 241664K, used 130957K [0x0000000704400000, 0x0000000800000000)
  region size 2048K, 5 young (10240K), 5 survivors (10240K)
 Metaspace       used 63320K, committed 63616K, reserved 1114112K
  class space    used 6772K, committed 6912K, reserved 1048576K
}
Event: 12.395 GC heap before
{Heap before GC invocations=30 (full 0):
 garbage-first heap   total 241664K, used 192397K [0x0000000704400000, 0x0000000800000000)
  region size 2048K, 35 young (71680K), 5 survivors (10240K)
 Metaspace       used 63471K, committed 63744K, reserved 1114112K
  class space    used 6781K, committed 6912K, reserved 1048576K
}
Event: 12.413 GC heap after
{Heap after GC invocations=31 (full 0):
 garbage-first heap   total 241664K, used 141571K [0x0000000704400000, 0x0000000800000000)
  region size 2048K, 5 young (10240K), 5 survivors (10240K)
 Metaspace       used 63471K, committed 63744K, reserved 1114112K
  class space    used 6781K, committed 6912K, reserved 1048576K
}
Event: 12.667 GC heap before
{Heap before GC invocations=31 (full 0):
 garbage-first heap   total 241664K, used 192771K [0x0000000704400000, 0x0000000800000000)
  region size 2048K, 30 young (61440K), 5 survivors (10240K)
 Metaspace       used 63581K, committed 63872K, reserved 1114112K
  class space    used 6781K, committed 6912K, reserved 1048576K
}
Event: 12.677 GC heap after
{Heap after GC invocations=32 (full 0):
 garbage-first heap   total 241664K, used 150529K [0x0000000704400000, 0x0000000800000000)
  region size 2048K, 4 young (8192K), 4 survivors (8192K)
 Metaspace       used 63581K, committed 63872K, reserved 1114112K
  class space    used 6781K, committed 6912K, reserved 1048576K
}
Event: 13.422 GC heap before
{Heap before GC invocations=32 (full 0):
 garbage-first heap   total 241664K, used 195585K [0x0000000704400000, 0x0000000800000000)
  region size 2048K, 26 young (53248K), 4 survivors (8192K)
 Metaspace       used 69036K, committed 69376K, reserved 1114112K
  class space    used 7261K, committed 7424K, reserved 1048576K
}

