# JRE version: Java(TM) SE Runtime Environment (17.0.12+8) (build 17.0.12+8-LTS-286)
# Java VM: Java HotSpot(TM) 64-Bit Server VM (17.0.12+8-LTS-286, mixed mode, sharing, tiered, compressed oops, compressed class ptrs, g1 gc, windows-amd64)
GC Precious Log:
 CPUs: 12 total, 12 available
 Memory: 16106M
 Large Page Support: Disabled
 NUMA Support: Disabled
 Compressed Oops: Enabled (32-bit)
 Heap Region Size: 1M
 Heap Min Capacity: 8M
 Heap Initial Capacity: 252M
 Heap Max Capacity: 2G
 Pre-touch: Disabled
 Parallel Workers: 10
 Concurrent Workers: 3
 Concurrent Refinement Workers: 10
 Periodic GC: Disabled
Heap:
 garbage-first heap   total 349184K, used 253638K [0x0000000080000000, 0x0000000100000000)
  region size 1024K, 53 young (54272K), 12 survivors (12288K)
 Metaspace       used 116154K, committed 117632K, reserved 557056K
  class space    used 16294K, committed 17024K, reserved 425984K
GC Heap History (20 events):
Event: 25.975 GC heap before
{Heap before GC invocations=59 (full 0):
 garbage-first heap   total 247808K, used 212377K [0x0000000080000000, 0x0000000100000000)
  region size 1024K, 26 young (26624K), 3 survivors (3072K)
 Metaspace       used 111189K, committed 112704K, reserved 557056K
  class space    used 15654K, committed 16384K, reserved 425984K
}
Event: 25.979 GC heap after
{Heap after GC invocations=60 (full 0):
 garbage-first heap   total 247808K, used 191433K [0x0000000080000000, 0x0000000100000000)
  region size 1024K, 3 young (3072K), 3 survivors (3072K)
 Metaspace       used 111189K, committed 112704K, reserved 557056K
  class space    used 15654K, committed 16384K, reserved 425984K
}
Event: 26.272 GC heap before
{Heap before GC invocations=60 (full 0):
 garbage-first heap   total 247808K, used 211913K [0x0000000080000000, 0x0000000100000000)
  region size 1024K, 24 young (24576K), 3 survivors (3072K)
 Metaspace       used 111869K, committed 113344K, reserved 557056K
  class space    used 15751K, committed 16448K, reserved 425984K
}
Event: 26.276 GC heap after
{Heap after GC invocations=61 (full 0):
 garbage-first heap   total 247808K, used 194261K [0x0000000080000000, 0x0000000100000000)
  region size 1024K, 3 young (3072K), 3 survivors (3072K)
 Metaspace       used 111869K, committed 113344K, reserved 557056K
  class space    used 15751K, committed 16448K, reserved 425984K
}
Event: 26.329 GC heap before
{Heap before GC invocations=61 (full 0):
 garbage-first heap   total 247808K, used 213717K [0x0000000080000000, 0x0000000100000000)
  region size 1024K, 23 young (23552K), 3 survivors (3072K)
 Metaspace       used 111872K, committed 113344K, reserved 557056K
  class space    used 15752K, committed 16448K, reserved 425984K
}
Event: 26.333 GC heap after
{Heap after GC invocations=62 (full 0):
 garbage-first heap   total 247808K, used 197356K [0x0000000080000000, 0x0000000100000000)
  region size 1024K, 3 young (3072K), 3 survivors (3072K)
 Metaspace       used 111872K, committed 113344K, reserved 557056K
  class space    used 15752K, committed 16448K, reserved 425984K
}
Event: 26.376 GC heap before
{Heap before GC invocations=62 (full 0):
 garbage-first heap   total 247808K, used 213740K [0x0000000080000000, 0x0000000100000000)
  region size 1024K, 20 young (20480K), 3 survivors (3072K)
 Metaspace       used 111875K, committed 113344K, reserved 557056K
  class space    used 15752K, committed 16448K, reserved 425984K
}
Event: 26.379 GC heap after
{Heap after GC invocations=63 (full 0):
 garbage-first heap   total 247808K, used 198418K [0x0000000080000000, 0x0000000100000000)
  region size 1024K, 3 young (3072K), 3 survivors (3072K)
 Metaspace       used 111875K, committed 113344K, reserved 557056K
  class space    used 15752K, committed 16448K, reserved 425984K
}
Event: 26.433 GC heap before
{Heap before GC invocations=63 (full 0):
 garbage-first heap   total 247808K, used 213778K [0x0000000080000000, 0x0000000100000000)
  region size 1024K, 19 young (19456K), 3 survivors (3072K)
 Metaspace       used 111876K, committed 113344K, reserved 557056K
  class space    used 15752K, committed 16448K, reserved 425984K
}
Event: 26.436 GC heap after
{Heap after GC invocations=64 (full 0):
 garbage-first heap   total 247808K, used 199428K [0x0000000080000000, 0x0000000100000000)
  region size 1024K, 3 young (3072K), 3 survivors (3072K)
 Metaspace       used 111876K, committed 113344K, reserved 557056K
  class space    used 15752K, committed 16448K, reserved 425984K
}
Event: 26.479 GC heap before
{Heap before GC invocations=64 (full 0):
 garbage-first heap   total 247808K, used 214788K [0x0000000080000000, 0x0000000100000000)
  region size 1024K, 18 young (18432K), 3 survivors (3072K)
 Metaspace       used 111876K, committed 113344K, reserved 557056K
  class space    used 15752K, committed 16448K, reserved 425984K
}
Event: 26.481 GC heap after
{Heap after GC invocations=65 (full 0):
 garbage-first heap   total 247808K, used 200101K [0x0000000080000000, 0x0000000100000000)
  region size 1024K, 3 young (3072K), 3 survivors (3072K)
 Metaspace       used 111876K, committed 113344K, reserved 557056K
  class space    used 15752K, committed 16448K, reserved 425984K
}
Event: 26.549 GC heap before
{Heap before GC invocations=65 (full 0):
 garbage-first heap   total 247808K, used 214437K [0x0000000080000000, 0x0000000100000000)
  region size 1024K, 17 young (17408K), 3 survivors (3072K)
 Metaspace       used 111876K, committed 113344K, reserved 557056K
  class space    used 15752K, committed 16448K, reserved 425984K
}
Event: 26.551 GC heap after
{Heap after GC invocations=66 (full 0):
 garbage-first heap   total 349184K, used 200990K [0x0000000080000000, 0x0000000100000000)
  region size 1024K, 3 young (3072K), 3 survivors (3072K)
 Metaspace       used 111876K, committed 113344K, reserved 557056K
  class space    used 15752K, committed 16448K, reserved 425984K
}
Event: 27.212 GC heap before
{Heap before GC invocations=66 (full 0):
 garbage-first heap   total 349184K, used 290078K [0x0000000080000000, 0x0000000100000000)
  region size 1024K, 91 young (93184K), 3 survivors (3072K)
 Metaspace       used 111983K, committed 113408K, reserved 557056K
  class space    used 15754K, committed 16448K, reserved 425984K
}
Event: 27.217 GC heap after
{Heap after GC invocations=67 (full 0):
 garbage-first heap   total 349184K, used 204596K [0x0000000080000000, 0x0000000100000000)
  region size 1024K, 7 young (7168K), 7 survivors (7168K)
 Metaspace       used 111983K, committed 113408K, reserved 557056K
  class space    used 15754K, committed 16448K, reserved 425984K
}
Event: 28.083 GC heap before
{Heap before GC invocations=67 (full 0):
 garbage-first heap   total 349184K, used 290612K [0x0000000080000000, 0x0000000100000000)
  region size 1024K, 92 young (94208K), 7 survivors (7168K)
 Metaspace       used 112243K, committed 113728K, reserved 557056K
  class space    used 15778K, committed 16512K, reserved 425984K
}
Event: 28.089 GC heap after
{Heap after GC invocations=68 (full 0):
 garbage-first heap   total 349184K, used 208078K [0x0000000080000000, 0x0000000100000000)
  region size 1024K, 10 young (10240K), 10 survivors (10240K)
 Metaspace       used 112243K, committed 113728K, reserved 557056K
  class space    used 15778K, committed 16512K, reserved 425984K
}
Event: 29.237 GC heap before
{Heap before GC invocations=68 (full 0):
 garbage-first heap   total 349184K, used 292046K [0x0000000080000000, 0x0000000100000000)
  region size 1024K, 93 young (95232K), 10 survivors (10240K)
 Metaspace       used 115826K, committed 117312K, reserved 557056K
  class space    used 16241K, committed 16960K, reserved 425984K
}
Event: 29.246 GC heap after
{Heap after GC invocations=69 (full 0):
 garbage-first heap   total 349184K, used 213702K [0x0000000080000000, 0x0000000100000000)
  region size 1024K, 12 young (12288K), 12 survivors (12288K)
 Metaspace       used 115826K, committed 117312K, reserved 557056K
  class space    used 16241K, committed 16960K, reserved 425984K
}

