# JRE version: Java(TM) SE Runtime Environment (17.0.12+8) (build 17.0.12+8-LTS-286)
# Java VM: Java HotSpot(TM) 64-Bit Server VM (17.0.12+8-LTS-286, mixed mode, sharing, tiered, compressed oops, compressed class ptrs, g1 gc, windows-amd64)
GC Precious Log:
 CPUs: 12 total, 12 available
 Memory: 16106M
 Large Page Support: Disabled
 NUMA Support: Disabled
 Compressed Oops: Enabled (32-bit)
 Heap Region Size: 1M
 Heap Min Capacity: 8M
 Heap Initial Capacity: 252M
 Heap Max Capacity: 2G
 Pre-touch: Disabled
 Parallel Workers: 10
 Concurrent Workers: 3
 Concurrent Refinement Workers: 10
 Periodic GC: Disabled
Heap:
 garbage-first heap   total 325632K, used 280257K [0x0000000080000000, 0x0000000100000000)
  region size 1024K, 33 young (33792K), 3 survivors (3072K)
 Metaspace       used 160195K, committed 162048K, reserved 622592K
  class space    used 21770K, committed 22656K, reserved 425984K
GC Heap History (20 events):
Event: 185.725 GC heap before
{Heap before GC invocations=101 (full 0):
 garbage-first heap   total 325632K, used 278076K [0x0000000080000000, 0x0000000100000000)
  region size 1024K, 49 young (50176K), 1 survivors (1024K)
 Metaspace       used 142894K, committed 144704K, reserved 557056K
  class space    used 19476K, committed 20416K, reserved 425984K
}
Event: 185.728 GC heap after
{Heap after GC invocations=102 (full 0):
 garbage-first heap   total 325632K, used 230553K [0x0000000080000000, 0x0000000100000000)
  region size 1024K, 2 young (2048K), 2 survivors (2048K)
 Metaspace       used 142894K, committed 144704K, reserved 557056K
  class space    used 19476K, committed 20416K, reserved 425984K
}
Event: 185.931 GC heap before
{Heap before GC invocations=102 (full 0):
 garbage-first heap   total 325632K, used 279705K [0x0000000080000000, 0x0000000100000000)
  region size 1024K, 50 young (51200K), 2 survivors (2048K)
 Metaspace       used 142898K, committed 144704K, reserved 557056K
  class space    used 19476K, committed 20416K, reserved 425984K
}
Event: 185.934 GC heap after
{Heap after GC invocations=103 (full 0):
 garbage-first heap   total 325632K, used 230777K [0x0000000080000000, 0x0000000100000000)
  region size 1024K, 2 young (2048K), 2 survivors (2048K)
 Metaspace       used 142898K, committed 144704K, reserved 557056K
  class space    used 19476K, committed 20416K, reserved 425984K
}
Event: 186.283 GC heap before
{Heap before GC invocations=103 (full 0):
 garbage-first heap   total 325632K, used 281977K [0x0000000080000000, 0x0000000100000000)
  region size 1024K, 52 young (53248K), 2 survivors (2048K)
 Metaspace       used 142899K, committed 144704K, reserved 557056K
  class space    used 19476K, committed 20416K, reserved 425984K
}
Event: 186.285 GC heap after
{Heap after GC invocations=104 (full 0):
 garbage-first heap   total 325632K, used 230988K [0x0000000080000000, 0x0000000100000000)
  region size 1024K, 2 young (2048K), 2 survivors (2048K)
 Metaspace       used 142899K, committed 144704K, reserved 557056K
  class space    used 19476K, committed 20416K, reserved 425984K
}
Event: 186.538 GC heap before
{Heap before GC invocations=104 (full 0):
 garbage-first heap   total 325632K, used 283212K [0x0000000080000000, 0x0000000100000000)
  region size 1024K, 53 young (54272K), 2 survivors (2048K)
 Metaspace       used 142900K, committed 144704K, reserved 557056K
  class space    used 19476K, committed 20416K, reserved 425984K
}
Event: 186.541 GC heap after
{Heap after GC invocations=105 (full 0):
 garbage-first heap   total 325632K, used 231257K [0x0000000080000000, 0x0000000100000000)
  region size 1024K, 3 young (3072K), 3 survivors (3072K)
 Metaspace       used 142900K, committed 144704K, reserved 557056K
  class space    used 19476K, committed 20416K, reserved 425984K
}
Event: 188.075 GC heap before
{Heap before GC invocations=105 (full 0):
 garbage-first heap   total 325632K, used 289625K [0x0000000080000000, 0x0000000100000000)
  region size 1024K, 55 young (56320K), 3 survivors (3072K)
 Metaspace       used 150081K, committed 151872K, reserved 557056K
  class space    used 20366K, committed 21248K, reserved 425984K
}
Event: 188.079 GC heap after
{Heap after GC invocations=106 (full 0):
 garbage-first heap   total 325632K, used 240124K [0x0000000080000000, 0x0000000100000000)
  region size 1024K, 7 young (7168K), 7 survivors (7168K)
 Metaspace       used 150081K, committed 151872K, reserved 557056K
  class space    used 20366K, committed 21248K, reserved 425984K
}
Event: 188.631 GC heap before
{Heap before GC invocations=106 (full 0):
 garbage-first heap   total 325632K, used 280060K [0x0000000080000000, 0x0000000100000000)
  region size 1024K, 46 young (47104K), 7 survivors (7168K)
 Metaspace       used 152237K, committed 154112K, reserved 622592K
  class space    used 20639K, committed 21568K, reserved 425984K
}
Event: 188.638 GC heap after
{Heap after GC invocations=107 (full 0):
 garbage-first heap   total 325632K, used 243407K [0x0000000080000000, 0x0000000100000000)
  region size 1024K, 6 young (6144K), 6 survivors (6144K)
 Metaspace       used 152237K, committed 154112K, reserved 622592K
  class space    used 20639K, committed 21568K, reserved 425984K
}
Event: 189.161 GC heap before
{Heap before GC invocations=107 (full 0):
 garbage-first heap   total 325632K, used 277199K [0x0000000080000000, 0x0000000100000000)
  region size 1024K, 40 young (40960K), 6 survivors (6144K)
 Metaspace       used 152960K, committed 154752K, reserved 622592K
  class space    used 20742K, committed 21632K, reserved 425984K
}
Event: 189.167 GC heap after
{Heap after GC invocations=108 (full 0):
 garbage-first heap   total 325632K, used 246944K [0x0000000080000000, 0x0000000100000000)
  region size 1024K, 4 young (4096K), 4 survivors (4096K)
 Metaspace       used 152960K, committed 154752K, reserved 622592K
  class space    used 20742K, committed 21632K, reserved 425984K
}
Event: 189.338 GC heap before
{Heap before GC invocations=108 (full 0):
 garbage-first heap   total 325632K, used 278688K [0x0000000080000000, 0x0000000100000000)
  region size 1024K, 36 young (36864K), 4 survivors (4096K)
 Metaspace       used 153597K, committed 155392K, reserved 622592K
  class space    used 20838K, committed 21760K, reserved 425984K
}
Event: 189.341 GC heap after
{Heap after GC invocations=109 (full 0):
 garbage-first heap   total 325632K, used 250033K [0x0000000080000000, 0x0000000100000000)
  region size 1024K, 4 young (4096K), 4 survivors (4096K)
 Metaspace       used 153597K, committed 155392K, reserved 622592K
  class space    used 20838K, committed 21760K, reserved 425984K
}
Event: 189.540 GC heap before
{Heap before GC invocations=109 (full 0):
 garbage-first heap   total 325632K, used 279729K [0x0000000080000000, 0x0000000100000000)
  region size 1024K, 34 young (34816K), 4 survivors (4096K)
 Metaspace       used 155650K, committed 157504K, reserved 622592K
  class space    used 21121K, committed 22080K, reserved 425984K
}
Event: 189.543 GC heap after
{Heap after GC invocations=110 (full 0):
 garbage-first heap   total 325632K, used 250477K [0x0000000080000000, 0x0000000100000000)
  region size 1024K, 2 young (2048K), 2 survivors (2048K)
 Metaspace       used 155650K, committed 157504K, reserved 622592K
  class space    used 21121K, committed 22080K, reserved 425984K
}
Event: 189.790 GC heap before
{Heap before GC invocations=110 (full 0):
 garbage-first heap   total 325632K, used 281197K [0x0000000080000000, 0x0000000100000000)
  region size 1024K, 33 young (33792K), 2 survivors (2048K)
 Metaspace       used 157283K, committed 159168K, reserved 622592K
  class space    used 21323K, committed 22272K, reserved 425984K
}
Event: 189.793 GC heap after
{Heap after GC invocations=111 (full 0):
 garbage-first heap   total 325632K, used 251585K [0x0000000080000000, 0x0000000100000000)
  region size 1024K, 3 young (3072K), 3 survivors (3072K)
 Metaspace       used 157283K, committed 159168K, reserved 622592K
  class space    used 21323K, committed 22272K, reserved 425984K
}

