# JRE version: Java(TM) SE Runtime Environment (17.0.12+8) (build 17.0.12+8-LTS-286)
# Java VM: Java HotSpot(TM) 64-Bit Server VM (17.0.12+8-LTS-286, mixed mode, sharing, tiered, compressed oops, compressed class ptrs, g1 gc, windows-amd64)
GC Precious Log:
 CPUs: 12 total, 12 available
 Memory: 16106M
 Large Page Support: Disabled
 NUMA Support: Disabled
 Compressed Oops: Enabled (32-bit)
 Heap Region Size: 1M
 Heap Min Capacity: 8M
 Heap Initial Capacity: 252M
 Heap Max Capacity: 2G
 Pre-touch: Disabled
 Parallel Workers: 10
 Concurrent Workers: 3
 Concurrent Refinement Workers: 10
 Periodic GC: Disabled
Heap:
 garbage-first heap   total 98304K, used 71329K [0x0000000080000000, 0x0000000100000000)
  region size 1024K, 28 young (28672K), 1 survivors (1024K)
 Metaspace       used 61860K, committed 62592K, reserved 491520K
  class space    used 8747K, committed 9088K, reserved 425984K
GC Heap History (20 events):
Event: 8.103 GC heap before
{Heap before GC invocations=7 (full 0):
 garbage-first heap   total 81920K, used 61546K [0x0000000080000000, 0x0000000100000000)
  region size 1024K, 38 young (38912K), 4 survivors (4096K)
 Metaspace       used 34155K, committed 34560K, reserved 491520K
  class space    used 4760K, committed 4928K, reserved 425984K
}
Event: 8.108 GC heap after
{Heap after GC invocations=8 (full 0):
 garbage-first heap   total 81920K, used 30838K [0x0000000080000000, 0x0000000100000000)
  region size 1024K, 5 young (5120K), 5 survivors (5120K)
 Metaspace       used 34155K, committed 34560K, reserved 491520K
  class space    used 4760K, committed 4928K, reserved 425984K
}
Event: 8.215 GC heap before
{Heap before GC invocations=8 (full 0):
 garbage-first heap   total 81920K, used 40054K [0x0000000080000000, 0x0000000100000000)
  region size 1024K, 15 young (15360K), 5 survivors (5120K)
 Metaspace       used 35585K, committed 35968K, reserved 491520K
  class space    used 5043K, committed 5184K, reserved 425984K
}
Event: 8.218 GC heap after
{Heap after GC invocations=9 (full 0):
 garbage-first heap   total 81920K, used 32136K [0x0000000080000000, 0x0000000100000000)
  region size 1024K, 2 young (2048K), 2 survivors (2048K)
 Metaspace       used 35585K, committed 35968K, reserved 491520K
  class space    used 5043K, committed 5184K, reserved 425984K
}
Event: 8.574 GC heap before
{Heap before GC invocations=10 (full 0):
 garbage-first heap   total 81920K, used 60808K [0x0000000080000000, 0x0000000100000000)
  region size 1024K, 31 young (31744K), 2 survivors (2048K)
 Metaspace       used 38512K, committed 38912K, reserved 491520K
  class space    used 5429K, committed 5632K, reserved 425984K
}
Event: 8.576 GC heap after
{Heap after GC invocations=11 (full 0):
 garbage-first heap   total 81920K, used 33431K [0x0000000080000000, 0x0000000100000000)
  region size 1024K, 3 young (3072K), 3 survivors (3072K)
 Metaspace       used 38512K, committed 38912K, reserved 491520K
  class space    used 5429K, committed 5632K, reserved 425984K
}
Event: 9.042 GC heap before
{Heap before GC invocations=11 (full 0):
 garbage-first heap   total 81920K, used 63127K [0x0000000080000000, 0x0000000100000000)
  region size 1024K, 32 young (32768K), 3 survivors (3072K)
 Metaspace       used 41952K, committed 42496K, reserved 491520K
  class space    used 5893K, committed 6144K, reserved 425984K
}
Event: 9.045 GC heap after
{Heap after GC invocations=12 (full 0):
 garbage-first heap   total 81920K, used 35973K [0x0000000080000000, 0x0000000100000000)
  region size 1024K, 4 young (4096K), 4 survivors (4096K)
 Metaspace       used 41952K, committed 42496K, reserved 491520K
  class space    used 5893K, committed 6144K, reserved 425984K
}
Event: 9.316 GC heap before
{Heap before GC invocations=12 (full 0):
 garbage-first heap   total 81920K, used 64645K [0x0000000080000000, 0x0000000100000000)
  region size 1024K, 32 young (32768K), 4 survivors (4096K)
 Metaspace       used 43649K, committed 44288K, reserved 491520K
  class space    used 6165K, committed 6464K, reserved 425984K
}
Event: 9.321 GC heap after
{Heap after GC invocations=13 (full 0):
 garbage-first heap   total 81920K, used 37249K [0x0000000080000000, 0x0000000100000000)
  region size 1024K, 2 young (2048K), 2 survivors (2048K)
 Metaspace       used 43649K, committed 44288K, reserved 491520K
  class space    used 6165K, committed 6464K, reserved 425984K
}
Event: 9.580 GC heap before
{Heap before GC invocations=13 (full 0):
 garbage-first heap   total 81920K, used 64897K [0x0000000080000000, 0x0000000100000000)
  region size 1024K, 29 young (29696K), 2 survivors (2048K)
 Metaspace       used 44967K, committed 45696K, reserved 491520K
  class space    used 6376K, committed 6720K, reserved 425984K
}
Event: 9.582 GC heap after
{Heap after GC invocations=14 (full 0):
 garbage-first heap   total 81920K, used 38122K [0x0000000080000000, 0x0000000100000000)
  region size 1024K, 3 young (3072K), 3 survivors (3072K)
 Metaspace       used 44967K, committed 45696K, reserved 491520K
  class space    used 6376K, committed 6720K, reserved 425984K
}
Event: 9.944 GC heap before
{Heap before GC invocations=14 (full 0):
 garbage-first heap   total 81920K, used 65770K [0x0000000080000000, 0x0000000100000000)
  region size 1024K, 30 young (30720K), 3 survivors (3072K)
 Metaspace       used 47620K, committed 48384K, reserved 491520K
  class space    used 6798K, committed 7168K, reserved 425984K
}
Event: 9.947 GC heap after
{Heap after GC invocations=15 (full 0):
 garbage-first heap   total 81920K, used 39121K [0x0000000080000000, 0x0000000100000000)
  region size 1024K, 4 young (4096K), 4 survivors (4096K)
 Metaspace       used 47620K, committed 48384K, reserved 491520K
  class space    used 6798K, committed 7168K, reserved 425984K
}
Event: 11.872 GC heap before
{Heap before GC invocations=15 (full 0):
 garbage-first heap   total 81920K, used 65745K [0x0000000080000000, 0x0000000100000000)
  region size 1024K, 30 young (30720K), 4 survivors (4096K)
 Metaspace       used 54258K, committed 54912K, reserved 491520K
  class space    used 7620K, committed 7936K, reserved 425984K
}
Event: 11.875 GC heap after
{Heap after GC invocations=16 (full 0):
 garbage-first heap   total 81920K, used 42043K [0x0000000080000000, 0x0000000100000000)
  region size 1024K, 4 young (4096K), 4 survivors (4096K)
 Metaspace       used 54258K, committed 54912K, reserved 491520K
  class space    used 7620K, committed 7936K, reserved 425984K
}
Event: 12.200 GC heap before
{Heap before GC invocations=16 (full 0):
 garbage-first heap   total 81920K, used 66619K [0x0000000080000000, 0x0000000100000000)
  region size 1024K, 28 young (28672K), 4 survivors (4096K)
 Metaspace       used 56525K, committed 57216K, reserved 491520K
  class space    used 7979K, committed 8320K, reserved 425984K
}
Event: 12.203 GC heap after
{Heap after GC invocations=17 (full 0):
 garbage-first heap   total 81920K, used 44032K [0x0000000080000000, 0x0000000100000000)
  region size 1024K, 3 young (3072K), 3 survivors (3072K)
 Metaspace       used 56525K, committed 57216K, reserved 491520K
  class space    used 7979K, committed 8320K, reserved 425984K
}
Event: 12.434 GC heap before
{Heap before GC invocations=18 (full 0):
 garbage-first heap   total 81920K, used 65536K [0x0000000080000000, 0x0000000100000000)
  region size 1024K, 24 young (24576K), 3 survivors (3072K)
 Metaspace       used 58984K, committed 59648K, reserved 491520K
  class space    used 8308K, committed 8640K, reserved 425984K
}
Event: 12.436 GC heap after
{Heap after GC invocations=19 (full 0):
 garbage-first heap   total 98304K, used 44705K [0x0000000080000000, 0x0000000100000000)
  region size 1024K, 1 young (1024K), 1 survivors (1024K)
 Metaspace       used 58984K, committed 59648K, reserved 491520K
  class space    used 8308K, committed 8640K, reserved 425984K
}

